Determining if the pthread_create exist failed with the following output:
Change Dir: /home/mpc/Multi_Car_Parking/workspace/build/CMakeFiles/CMakeTmp

Run Build Command:"/usr/bin/make" "cmTC_97bb4/fast"
/usr/bin/make -f CMakeFiles/cmTC_97bb4.dir/build.make CMakeFiles/cmTC_97bb4.dir/build
make[1]: Entering directory '/home/mpc/Multi_Car_Parking/workspace/build/CMakeFiles/CMakeTmp'
Building C object CMakeFiles/cmTC_97bb4.dir/CheckSymbolExists.c.o
/usr/bin/cc     -o CMakeFiles/cmTC_97bb4.dir/CheckSymbolExists.c.o   -c /home/mpc/Multi_Car_Parking/workspace/build/CMakeFiles/CMakeTmp/CheckSymbolExists.c
Linking C executable cmTC_97bb4
/usr/bin/cmake -E cmake_link_script CMakeFiles/cmTC_97bb4.dir/link.txt --verbose=1
/usr/bin/cc       CMakeFiles/cmTC_97bb4.dir/CheckSymbolExists.c.o  -o cmTC_97bb4 -rdynamic 
CMakeFiles/cmTC_97bb4.dir/CheckSymbolExists.c.o: In function `main':
CheckSymbolExists.c:(.text+0x16): undefined reference to `pthread_create'
collect2: error: ld returned 1 exit status
CMakeFiles/cmTC_97bb4.dir/build.make:97: recipe for target 'cmTC_97bb4' failed
make[1]: *** [cmTC_97bb4] Error 1
make[1]: Leaving directory '/home/mpc/Multi_Car_Parking/workspace/build/CMakeFiles/CMakeTmp'
Makefile:126: recipe for target 'cmTC_97bb4/fast' failed
make: *** [cmTC_97bb4/fast] Error 2

File /home/mpc/Multi_Car_Parking/workspace/build/CMakeFiles/CMakeTmp/CheckSymbolExists.c:
/* */
#include <pthread.h>

int main(int argc, char** argv)
{
  (void)argv;
#ifndef pthread_create
  return ((int*)(&pthread_create))[argc];
#else
  (void)argc;
  return 0;
#endif
}

Determining if the function pthread_create exists in the pthreads failed with the following output:
Change Dir: /home/mpc/Multi_Car_Parking/workspace/build/CMakeFiles/CMakeTmp

Run Build Command:"/usr/bin/make" "cmTC_8b71d/fast"
/usr/bin/make -f CMakeFiles/cmTC_8b71d.dir/build.make CMakeFiles/cmTC_8b71d.dir/build
make[1]: Entering directory '/home/mpc/Multi_Car_Parking/workspace/build/CMakeFiles/CMakeTmp'
Building C object CMakeFiles/cmTC_8b71d.dir/CheckFunctionExists.c.o
/usr/bin/cc    -DCHECK_FUNCTION_EXISTS=pthread_create   -o CMakeFiles/cmTC_8b71d.dir/CheckFunctionExists.c.o   -c /usr/share/cmake-3.5/Modules/CheckFunctionExists.c
Linking C executable cmTC_8b71d
/usr/bin/cmake -E cmake_link_script CMakeFiles/cmTC_8b71d.dir/link.txt --verbose=1
/usr/bin/cc   -DCHECK_FUNCTION_EXISTS=pthread_create    CMakeFiles/cmTC_8b71d.dir/CheckFunctionExists.c.o  -o cmTC_8b71d -rdynamic -lpthreads 
/usr/bin/ld: cannot find -lpthreads
collect2: error: ld returned 1 exit status
CMakeFiles/cmTC_8b71d.dir/build.make:97: recipe for target 'cmTC_8b71d' failed
make[1]: *** [cmTC_8b71d] Error 1
make[1]: Leaving directory '/home/mpc/Multi_Car_Parking/workspace/build/CMakeFiles/CMakeTmp'
Makefile:126: recipe for target 'cmTC_8b71d/fast' failed
make: *** [cmTC_8b71d/fast] Error 2


